----------start----------
data 1: 
score of SW: 252
score of BSW: 252
-----------end-----------
----------start----------
data 2: 
score of SW: 248
score of BSW: 248
-----------end-----------
----------start----------
data 3: 
score of SW: 244
score of BSW: 244
-----------end-----------
----------start----------
data 4: 
score of SW: 240
score of BSW: 240
-----------end-----------
----------start----------
data 5: 
score of SW: 236
score of BSW: 192
-----------end-----------
----------start----------
data 6: 
score of SW: 232
score of BSW: 204
-----------end-----------
----------start----------
data 7: 
score of SW: 232
score of BSW: 204
-----------end-----------
----------start----------
data 8: 
score of SW: 228
score of BSW: 195
-----------end-----------
----------start----------
data 9: 
score of SW: 228
score of BSW: 148
-----------end-----------
----------start----------
data 10: 
score of SW: 224
score of BSW: 157
-----------end-----------
----------start----------
data 11: 
score of SW: 220
score of BSW: 152
-----------end-----------
----------start----------
data 12: 
score of SW: 216
score of BSW: 160
-----------end-----------
----------start----------
data 13: 
score of SW: 212
score of BSW: 147
-----------end-----------
----------start----------
data 14: 
score of SW: 208
score of BSW: 141
-----------end-----------
----------start----------
data 15: 
score of SW: 252
score of BSW: 252
-----------end-----------
----------start----------
data 16: 
score of SW: 248
score of BSW: 248
-----------end-----------
----------start----------
data 17: 
score of SW: 244
score of BSW: 244
-----------end-----------
----------start----------
data 18: 
score of SW: 240
score of BSW: 240
-----------end-----------
----------start----------
data 19: 
score of SW: 240
score of BSW: 240
-----------end-----------
----------start----------
data 20: 
score of SW: 237
score of BSW: 162
-----------end-----------
----------start----------
data 21: 
score of SW: 232
score of BSW: 230
-----------end-----------
----------start----------
data 22: 
score of SW: 228
score of BSW: 183
-----------end-----------
----------start----------
data 23: 
score of SW: 224
score of BSW: 167
-----------end-----------
----------start----------
data 24: 
score of SW: 220
score of BSW: 217
-----------end-----------
----------start----------
data 25: 
score of SW: 216
score of BSW: 149
-----------end-----------
----------start----------
data 26: 
score of SW: 212
score of BSW: 103
-----------end-----------
----------start----------
data 27: 
score of SW: 208
score of BSW: 163
-----------end-----------
----------start----------
data 28: 
score of SW: 253
score of BSW: 253
-----------end-----------
----------start----------
data 29: 
score of SW: 250
score of BSW: 250
-----------end-----------
----------start----------
data 30: 
score of SW: 244
score of BSW: 244
-----------end-----------
----------start----------
data 31: 
score of SW: 240
score of BSW: 240
-----------end-----------
----------start----------
data 32: 
score of SW: 236
score of BSW: 148
-----------end-----------
----------start----------
data 33: 
score of SW: 232
score of BSW: 210
-----------end-----------
----------start----------
data 34: 
score of SW: 228
score of BSW: 173
-----------end-----------
----------start----------
data 35: 
score of SW: 224
score of BSW: 142
-----------end-----------
----------start----------
data 36: 
score of SW: 220
score of BSW: 173
-----------end-----------
----------start----------
data 37: 
score of SW: 216
score of BSW: 185
-----------end-----------
----------start----------
data 38: 
score of SW: 212
score of BSW: 121
-----------end-----------
----------start----------
data 39: 
score of SW: 215
score of BSW: 59
-----------end-----------
----------start----------
data 40: 
score of SW: 253
score of BSW: 253
-----------end-----------
----------start----------
data 41: 
score of SW: 248
score of BSW: 248
-----------end-----------
----------start----------
data 42: 
score of SW: 244
score of BSW: 244
-----------end-----------
----------start----------
data 43: 
score of SW: 236
score of BSW: 149
-----------end-----------
----------start----------
data 44: 
score of SW: 232
score of BSW: 217
-----------end-----------
----------start----------
data 45: 
score of SW: 228
score of BSW: 194
-----------end-----------
----------start----------
data 46: 
score of SW: 224
score of BSW: 110
-----------end-----------
----------start----------
data 47: 
score of SW: 220
score of BSW: 131
-----------end-----------
----------start----------
data 48: 
score of SW: 216
score of BSW: 137
-----------end-----------
----------start----------
data 49: 
score of SW: 212
score of BSW: 149
-----------end-----------
----------start----------
data 50: 
score of SW: 208
score of BSW: 90
-----------end-----------
----------start----------
data 51: 
score of SW: 252
score of BSW: 252
-----------end-----------
----------start----------
data 52: 
score of SW: 248
score of BSW: 248
-----------end-----------
----------start----------
data 53: 
score of SW: 244
score of BSW: 244
-----------end-----------
----------start----------
data 54: 
score of SW: 240
score of BSW: 163
-----------end-----------
----------start----------
data 55: 
score of SW: 244
score of BSW: 244
-----------end-----------
----------start----------
data 56: 
score of SW: 232
score of BSW: 194
-----------end-----------
----------start----------
data 57: 
score of SW: 232
score of BSW: 170
-----------end-----------
----------start----------
data 58: 
score of SW: 228
score of BSW: 138
-----------end-----------
----------start----------
data 59: 
score of SW: 228
score of BSW: 97
-----------end-----------
----------start----------
data 60: 
score of SW: 256
score of BSW: 256
-----------end-----------
----------start----------
data 61: 
score of SW: 229
score of BSW: 73
-----------end-----------
----------start----------
data 62: 
score of SW: 216
score of BSW: 196
-----------end-----------
----------start----------
data 63: 
score of SW: 212
score of BSW: 139
-----------end-----------
----------start----------
data 64: 
score of SW: 212
score of BSW: 94
-----------end-----------
----------start----------
data 65: 
score of SW: 253
score of BSW: 253
-----------end-----------
----------start----------
data 66: 
score of SW: 248
score of BSW: 248
-----------end-----------
----------start----------
data 67: 
score of SW: 244
score of BSW: 244
-----------end-----------
----------start----------
data 68: 
score of SW: 240
score of BSW: 204
-----------end-----------
----------start----------
data 69: 
score of SW: 236
score of BSW: 217
-----------end-----------
----------start----------
data 70: 
score of SW: 242
score of BSW: 84
-----------end-----------
----------start----------
data 71: 
score of SW: 241
score of BSW: 241
-----------end-----------
----------start----------
data 72: 
score of SW: 220
score of BSW: 88
-----------end-----------
----------start----------
data 73: 
score of SW: 216
score of BSW: 155
-----------end-----------
----------start----------
data 74: 
score of SW: 212
score of BSW: 192
-----------end-----------
----------start----------
data 75: 
score of SW: 208
score of BSW: 109
-----------end-----------
----------start----------
data 76: 
score of SW: 252
score of BSW: 252
-----------end-----------
----------start----------
data 77: 
score of SW: 248
score of BSW: 248
-----------end-----------
----------start----------
data 78: 
score of SW: 244
score of BSW: 244
-----------end-----------
----------start----------
data 79: 
score of SW: 240
score of BSW: 182
-----------end-----------
----------start----------
data 80: 
score of SW: 236
score of BSW: 82
-----------end-----------
----------start----------
data 81: 
score of SW: 232
score of BSW: 74
-----------end-----------
----------start----------
data 82: 
score of SW: 232
score of BSW: 204
-----------end-----------
----------start----------
data 83: 
score of SW: 224
score of BSW: 166
-----------end-----------
----------start----------
data 84: 
score of SW: 224
score of BSW: 70
-----------end-----------
----------start----------
data 85: 
score of SW: 216
score of BSW: 75
-----------end-----------
----------start----------
data 86: 
score of SW: 218
score of BSW: 66
-----------end-----------
----------start----------
data 87: 
score of SW: 208
score of BSW: 122
-----------end-----------
----------start----------
data 88: 
score of SW: 252
score of BSW: 252
-----------end-----------
----------start----------
data 89: 
score of SW: 248
score of BSW: 248
-----------end-----------
----------start----------
data 90: 
score of SW: 244
score of BSW: 244
-----------end-----------
----------start----------
data 91: 
score of SW: 240
score of BSW: 108
-----------end-----------
----------start----------
data 92: 
score of SW: 236
score of BSW: 101
-----------end-----------
----------start----------
data 93: 
score of SW: 232
score of BSW: 92
-----------end-----------
----------start----------
data 94: 
score of SW: 229
score of BSW: 165
-----------end-----------
----------start----------
data 95: 
score of SW: 235
score of BSW: 75
-----------end-----------
----------start----------
data 96: 
score of SW: 224
score of BSW: 81
-----------end-----------
----------start----------
data 97: 
score of SW: 224
score of BSW: 183
-----------end-----------
----------start----------
data 98: 
score of SW: 224
score of BSW: 180
-----------end-----------
----------start----------
data 99: 
score of SW: 212
score of BSW: 99
-----------end-----------
----------start----------
data 100: 
score of SW: 205
score of BSW: 101
-----------end-----------

-----------SUMMARY------------
BSW bandwidth:         8
BSW perfect:          31/100
BSW good:             33/100
time cost by SW:     309.395ms
time cost by BSW:    160.849ms
