----------start----------
data 1: 
score of SW: 217
score of BSW: 217
score of GACT-X: 217
-----------end-----------
----------start----------
data 2: 
score of SW: 226
score of BSW: 226
score of GACT-X: 226
-----------end-----------
----------start----------
data 3: 
score of SW: 216
score of BSW: 216
score of GACT-X: 0
-----------end-----------
----------start----------
data 4: 
score of SW: 214
score of BSW: 214
score of GACT-X: 214
-----------end-----------
----------start----------
data 5: 
score of SW: 212
score of BSW: 212
score of GACT-X: 212
-----------end-----------
----------start----------
data 6: 
score of SW: 216
score of BSW: 216
score of GACT-X: 0
-----------end-----------
----------start----------
data 7: 
score of SW: 203
score of BSW: 203
score of GACT-X: 0
-----------end-----------
----------start----------
data 8: 
score of SW: 217
score of BSW: 217
score of GACT-X: 217
-----------end-----------
----------start----------
data 9: 
score of SW: 194
score of BSW: 194
score of GACT-X: 194
-----------end-----------
----------start----------
data 10: 
score of SW: 180
score of BSW: 180
score of GACT-X: 179
-----------end-----------
----------start----------
data 11: 
score of SW: 197
score of BSW: 197
score of GACT-X: 193
-----------end-----------
----------start----------
data 12: 
score of SW: 189
score of BSW: 189
score of GACT-X: 0
-----------end-----------
----------start----------
data 13: 
score of SW: 189
score of BSW: 189
score of GACT-X: 83
-----------end-----------
----------start----------
data 14: 
score of SW: 170
score of BSW: 170
score of GACT-X: 36
-----------end-----------
----------start----------
data 15: 
score of SW: 171
score of BSW: 171
score of GACT-X: 69
-----------end-----------
----------start----------
data 16: 
score of SW: 172
score of BSW: 172
score of GACT-X: 168
-----------end-----------
----------start----------
data 17: 
score of SW: 167
score of BSW: 167
score of GACT-X: 45
-----------end-----------
----------start----------
data 18: 
score of SW: 168
score of BSW: 165
score of GACT-X: 0
-----------end-----------
----------start----------
data 19: 
score of SW: 178
score of BSW: 178
score of GACT-X: 0
-----------end-----------
----------start----------
data 20: 
score of SW: 163
score of BSW: 163
score of GACT-X: 0
-----------end-----------
----------start----------
data 21: 
score of SW: 177
score of BSW: 177
score of GACT-X: 175
-----------end-----------
----------start----------
data 22: 
score of SW: 161
score of BSW: 159
score of GACT-X: 0
-----------end-----------
----------start----------
data 23: 
score of SW: 171
score of BSW: 171
score of GACT-X: 160
-----------end-----------
----------start----------
data 24: 
score of SW: 155
score of BSW: 154
score of GACT-X: 20
-----------end-----------
----------start----------
data 25: 
score of SW: 164
score of BSW: 164
score of GACT-X: 0
-----------end-----------
----------start----------
data 26: 
score of SW: 161
score of BSW: 161
score of GACT-X: 159
-----------end-----------
----------start----------
data 27: 
score of SW: 155
score of BSW: 155
score of GACT-X: 0
-----------end-----------
----------start----------
data 28: 
score of SW: 161
score of BSW: 161
score of GACT-X: 0
-----------end-----------
----------start----------
data 29: 
score of SW: 159
score of BSW: 159
score of GACT-X: 0
-----------end-----------
----------start----------
data 30: 
score of SW: 139
score of BSW: 136
score of GACT-X: 96
-----------end-----------
----------start----------
data 31: 
score of SW: 141
score of BSW: 139
score of GACT-X: 2
-----------end-----------
----------start----------
data 32: 
score of SW: 136
score of BSW: 132
score of GACT-X: 0
-----------end-----------
----------start----------
data 33: 
score of SW: 216
score of BSW: 216
score of GACT-X: 216
-----------end-----------
----------start----------
data 34: 
score of SW: 208
score of BSW: 208
score of GACT-X: 208
-----------end-----------
----------start----------
data 35: 
score of SW: 208
score of BSW: 208
score of GACT-X: 208
-----------end-----------
----------start----------
data 36: 
score of SW: 219
score of BSW: 219
score of GACT-X: 219
-----------end-----------
----------start----------
data 37: 
score of SW: 214
score of BSW: 214
score of GACT-X: 214
-----------end-----------
----------start----------
data 38: 
score of SW: 210
score of BSW: 210
score of GACT-X: 210
-----------end-----------
----------start----------
data 39: 
score of SW: 216
score of BSW: 216
score of GACT-X: 216
-----------end-----------
----------start----------
data 40: 
score of SW: 218
score of BSW: 218
score of GACT-X: 208
-----------end-----------
----------start----------
data 41: 
score of SW: 198
score of BSW: 197
score of GACT-X: 198
-----------end-----------
----------start----------
data 42: 
score of SW: 183
score of BSW: 183
score of GACT-X: 0
-----------end-----------
----------start----------
data 43: 
score of SW: 196
score of BSW: 196
score of GACT-X: 192
-----------end-----------
----------start----------
data 44: 
score of SW: 203
score of BSW: 203
score of GACT-X: 192
-----------end-----------
----------start----------
data 45: 
score of SW: 176
score of BSW: 173
score of GACT-X: 0
-----------end-----------
----------start----------
data 46: 
score of SW: 186
score of BSW: 185
score of GACT-X: 0
-----------end-----------
----------start----------
data 47: 
score of SW: 177
score of BSW: 177
score of GACT-X: 169
-----------end-----------
----------start----------
data 48: 
score of SW: 169
score of BSW: 169
score of GACT-X: 33
-----------end-----------
----------start----------
data 49: 
score of SW: 184
score of BSW: 184
score of GACT-X: 181
-----------end-----------
----------start----------
data 50: 
score of SW: 181
score of BSW: 181
score of GACT-X: 0
-----------end-----------
----------start----------
data 51: 
score of SW: 168
score of BSW: 168
score of GACT-X: 112
-----------end-----------
----------start----------
data 52: 
score of SW: 165
score of BSW: 165
score of GACT-X: 0
-----------end-----------
----------start----------
data 53: 
score of SW: 176
score of BSW: 176
score of GACT-X: 0
-----------end-----------
----------start----------
data 54: 
score of SW: 169
score of BSW: 169
score of GACT-X: 0
-----------end-----------
----------start----------
data 55: 
score of SW: 163
score of BSW: 156
score of GACT-X: 150
-----------end-----------
----------start----------
data 56: 
score of SW: 152
score of BSW: 149
score of GACT-X: 0
-----------end-----------
----------start----------
data 57: 
score of SW: 157
score of BSW: 157
score of GACT-X: 0
-----------end-----------
----------start----------
data 58: 
score of SW: 150
score of BSW: 145
score of GACT-X: 0
-----------end-----------
----------start----------
data 59: 
score of SW: 149
score of BSW: 149
score of GACT-X: 0
-----------end-----------
----------start----------
data 60: 
score of SW: 157
score of BSW: 157
score of GACT-X: 0
-----------end-----------
----------start----------
data 61: 
score of SW: 152
score of BSW: 149
score of GACT-X: 4
-----------end-----------
----------start----------
data 62: 
score of SW: 164
score of BSW: 162
score of GACT-X: 0
-----------end-----------
----------start----------
data 63: 
score of SW: 155
score of BSW: 155
score of GACT-X: 0
-----------end-----------
----------start----------
data 64: 
score of SW: 136
score of BSW: 134
score of GACT-X: 2
-----------end-----------
----------start----------
data 65: 
score of SW: 220
score of BSW: 220
score of GACT-X: 220
-----------end-----------
----------start----------
data 66: 
score of SW: 217
score of BSW: 217
score of GACT-X: 217
-----------end-----------
----------start----------
data 67: 
score of SW: 217
score of BSW: 217
score of GACT-X: 217
-----------end-----------
----------start----------
data 68: 
score of SW: 202
score of BSW: 202
score of GACT-X: 202
-----------end-----------
----------start----------
data 69: 
score of SW: 215
score of BSW: 215
score of GACT-X: 215
-----------end-----------
----------start----------
data 70: 
score of SW: 208
score of BSW: 208
score of GACT-X: 0
-----------end-----------
----------start----------
data 71: 
score of SW: 201
score of BSW: 201
score of GACT-X: 0
-----------end-----------
----------start----------
data 72: 
score of SW: 211
score of BSW: 210
score of GACT-X: 0
-----------end-----------
----------start----------
data 73: 
score of SW: 187
score of BSW: 186
score of GACT-X: 0
-----------end-----------
----------start----------
data 74: 
score of SW: 188
score of BSW: 187
score of GACT-X: 188
-----------end-----------
----------start----------
data 75: 
score of SW: 185
score of BSW: 185
score of GACT-X: 0
-----------end-----------
----------start----------
data 76: 
score of SW: 198
score of BSW: 198
score of GACT-X: 198
-----------end-----------
----------start----------
data 77: 
score of SW: 197
score of BSW: 197
score of GACT-X: 197
-----------end-----------
----------start----------
data 78: 
score of SW: 164
score of BSW: 162
score of GACT-X: 0
-----------end-----------
----------start----------
data 79: 
score of SW: 176
score of BSW: 176
score of GACT-X: 0
-----------end-----------
----------start----------
data 80: 
score of SW: 162
score of BSW: 162
score of GACT-X: 0
-----------end-----------
----------start----------
data 81: 
score of SW: 171
score of BSW: 169
score of GACT-X: 0
-----------end-----------
----------start----------
data 82: 
score of SW: 177
score of BSW: 177
score of GACT-X: 0
-----------end-----------
----------start----------
data 83: 
score of SW: 155
score of BSW: 155
score of GACT-X: 91
-----------end-----------
----------start----------
data 84: 
score of SW: 183
score of BSW: 183
score of GACT-X: 0
-----------end-----------
----------start----------
data 85: 
score of SW: 168
score of BSW: 168
score of GACT-X: 0
-----------end-----------
----------start----------
data 86: 
score of SW: 160
score of BSW: 160
score of GACT-X: 0
-----------end-----------
----------start----------
data 87: 
score of SW: 168
score of BSW: 166
score of GACT-X: 0
-----------end-----------
----------start----------
data 88: 
score of SW: 166
score of BSW: 166
score of GACT-X: 0
-----------end-----------
----------start----------
data 89: 
score of SW: 173
score of BSW: 173
score of GACT-X: 0
-----------end-----------
----------start----------
data 90: 
score of SW: 153
score of BSW: 151
score of GACT-X: 0
-----------end-----------
----------start----------
data 91: 
score of SW: 165
score of BSW: 165
score of GACT-X: 0
-----------end-----------
----------start----------
data 92: 
score of SW: 155
score of BSW: 153
score of GACT-X: 0
-----------end-----------
----------start----------
data 93: 
score of SW: 155
score of BSW: 154
score of GACT-X: 0
-----------end-----------
----------start----------
data 94: 
score of SW: 144
score of BSW: 144
score of GACT-X: 140
-----------end-----------
----------start----------
data 95: 
score of SW: 143
score of BSW: 142
score of GACT-X: 0
-----------end-----------
----------start----------
data 96: 
score of SW: 158
score of BSW: 156
score of GACT-X: 0
-----------end-----------
----------start----------
data 97: 
score of SW: 228
score of BSW: 228
score of GACT-X: 228
-----------end-----------
----------start----------
data 98: 
score of SW: 225
score of BSW: 225
score of GACT-X: 225
-----------end-----------
----------start----------
data 99: 
score of SW: 235
score of BSW: 235
score of GACT-X: 235
-----------end-----------
----------start----------
data 100: 
score of SW: 199
score of BSW: 199
score of GACT-X: 199
-----------end-----------

-----------SUMMARY------------
BSW bandwidth:         5
BSW perfect:          74/100
BSW good:            100/100
GACT-X parameter:      1
GACT-X perfect:       26/100
GACT-X good:          36/100
time cost by SW:     308.759ms
time cost by BSW:    165.693ms
time cost by GACT-X: 280.343ms
